penJDK 64-Bit Server VM warning: If the number of processors is expected to increase from one, then you should configure the number of parallel GC threads appropriately using -XX:ParallelGCThreads=N
[2018-03-16 12:39:52,568] INFO Accepted socket connection from /10.128.64.119:56670 (org.apache.zookeeper.server.NIOServerCnxnFactory)
[2018-03-16 12:39:52,569] INFO Client attempting to establish new session at /10.128.64.119:56670 (org.apache.zookeeper.server.ZooKeeperServer)
[2018-03-16 12:39:52,571] INFO Established session 0x1622e9ef3090001 with negotiated timeout 30000 for client /10.128.64.119:56670 (org.apache.zookeeper.server.ZooKeeperServer)
Error while executing topic command : Topic 'test' already exists.
[2018-03-16 12:39:52,831] ERROR org.apache.kafka.common.errors.TopicExistsException: Topic 'test' already exists.
 (kafka.admin.TopicCommand$)
[2018-03-16 12:39:52,832] INFO Processed session termination for sessionid: 0x1622e9ef3090001 (org.apache.zookeeper.server.PrepRequestProcessor)
[2018-03-16 12:39:52,834] INFO Closed socket connection for client /10.128.64.119:56670 which had sessionid 0x1622e9ef3090001 (org.apache.zookeeper.server.NIOServerCnxn)
[root@ip-10-128-64-119 kafka_2.11-1.0.1]# bin/kafka-console-consumer.sh --bootstrap-server localhost:9092 --topic test --from-beginning
OpenJDK 64-Bit Server VM warning: If the number of processors is expected to increase from one, then you should configure the number of parallel GC threads appropriately using -XX:ParallelGCThreads=N
[2018-03-16 12:40:08,782] WARN [Consumer clientId=consumer-1, groupId=console-consumer-1963] Connection to node -1 could not be established. Broker may not be available. (org.apache.kafka.clients.NetworkClient)
[2018-03-16 12:40:08,835] WARN [Consumer clientId=consumer-1, groupId=console-consumer-1963] Connection to node -1 could not be established. Broker may not be available. (org.apache.kafka.clients.NetworkClient)
[2018-03-16 12:40:08,987] WARN [Consumer clientId=consumer-1, groupId=console-consumer-1963] Connection to node -1 could not be established. Broker may not be available. (org.apache.kafka.clients.NetworkClient)
[2018-03-16 12:40:09,189] WARN [Consumer clientId=consumer-1, groupId=console-consumer-1963] Connection to node -1 could not be established. Broker may not be available. (org.apache.kafka.clients.NetworkClient)
[2018-03-16 12:40:09,592] WARN [Consumer clientId=consumer-1, groupId=console-consumer-1963] Connection to node -1 could not be established. Broker may not be available. (org.apache.kafka.clients.NetworkClient)
[2018-03-16 12:40:10,398] WARN [Consumer clientId=consumer-1, groupId=console-consumer-1963] Connection to node -1 could not be established. Broker may not be available. (org.apache.kafka.clients.NetworkClient)
[2018-03-16 12:40:11,405] WARN [Consumer clientId=consumer-1, groupId=console-consumer-1963] Connection to node -1 could not be established. Broker may not be available. (org.apache.kafka.clients.NetworkClient)
[2018-03-16 12:40:12,462] WARN [Consumer clientId=consumer-1, groupId=console-consumer-1963] Connection to node -1 could not be established. Broker may not be available. (org.apache.kafka.clients.NetworkClient)
[2018-03-16 12:40:13,469] WARN [Consumer clientId=consumer-1, groupId=console-consumer-1963] Connection to node -1 could not be established. Broker may not be available. (org.apache.kafka.clients.NetworkClient)
[2018-03-16 12:40:14,425] WARN [Consumer clientId=consumer-1, groupId=console-consumer-1963] Connection to node -1 could not be established. Broker may not be available. (org.apache.kafka.clients.NetworkClient)
[2018-03-16 12:40:15,381] WARN [Consumer clientId=consumer-1, groupId=console-consumer-1963] Connection to node -1 could not be established. Broker may not be available. (org.apache.kafka.clients.NetworkClient)
[2018-03-16 12:40:16,337] WARN [Consumer clientId=consumer-1, groupId=console-consumer-1963] Connection to node -1 could not be established. Broker may not be available. (org.apache.kafka.clients.NetworkClient)
[2018-03-16 12:40:17,394] WARN [Consumer clientId=consumer-1, groupId=console-consumer-1963] Connection to node -1 could not be established. Broker may not be available. (org.apache.kafka.clients.NetworkClient)
[2018-03-16 12:40:18,501] WARN [Consumer clientId=consumer-1, groupId=console-consumer-1963] Connection to node -1 could not be established. Broker may not be available. (org.apache.kafka.clients.NetworkClient)
[2018-03-16 12:40:19,709] WARN [Consumer clientId=consumer-1, groupId=console-consumer-1963] Connection to node -1 could not be established. Broker may not be available. (org.apache.kafka.clients.NetworkClient)
[2018-03-16 12:40:20,816] WARN [Consumer clientId=consumer-1, groupId=console-consumer-1963] Connection to node -1 could not be established. Broker may not be available. (org.apache.kafka.clients.NetworkClient)
[2018-03-16 12:40:21,722] WARN [Consumer clientId=consumer-1, groupId=console-consumer-1963] Connection to node -1 could not be established. Broker may not be available. (org.apache.kafka.clients.NetworkClient)
[2018-03-16 12:40:22,728] WARN [Consumer clientId=consumer-1, groupId=console-consumer-1963] Connection to node -1 could not be established. Broker may not be available. (org.apache.kafka.clients.NetworkClient)
[2018-03-16 12:40:23,633] WARN [Consumer clientId=consumer-1, groupId=console-consumer-1963] Connection to node -1 could not be established. Broker may not be available. (org.apache.kafka.clients.NetworkClient)
[2018-03-16 12:40:24,689] WARN [Consumer clientId=consumer-1, groupId=console-consumer-1963] Connection to node -1 could not be established. Broker may not be available. (org.apache.kafka.clients.NetworkClient)
[2018-03-16 12:40:25,645] WARN [Consumer clientId=consumer-1, groupId=console-consumer-1963] Connection to node -1 could not be established. Broker may not be available. (org.apache.kafka.clients.NetworkClient)
[2018-03-16 12:40:26,852] WARN [Consumer clientId=consumer-1, groupId=console-consumer-1963] Connection to node -1 could not be established. Broker may not be available. (org.apache.kafka.clients.NetworkClient)
[2018-03-16 12:40:27,858] WARN [Consumer clientId=consumer-1, groupId=console-consumer-1963] Connection to node -1 could not be established. Broker may not be available. (org.apache.kafka.clients.NetworkClient)
[2018-03-16 12:40:28,763] WARN [Consumer clientId=consumer-1, groupId=console-consumer-1963] Connection to node -1 could not be established. Broker may not be available. (org.apache.kafka.clients.NetworkClient)
[2018-03-16 12:40:29,668] WARN [Consumer clientId=consumer-1, groupId=console-consumer-1963] Connection to node -1 could not be established. Broker may not be available. (org.apache.kafka.clients.NetworkClient)
[2018-03-16 12:40:30,724] WARN [Consumer clientId=consumer-1, groupId=console-consumer-1963] Connection to node -1 could not be established. Broker may not be available. (org.apache.kafka.clients.NetworkClient)
[2018-03-16 12:40:31,680] WARN [Consumer clientId=consumer-1, groupId=console-consumer-1963] Connection to node -1 could not be established. Broker may not be available. (org.apache.kafka.clients.NetworkClient)
[2018-03-16 12:40:32,836] WARN [Consumer clientId=consumer-1, groupId=console-consumer-1963] Connection to node -1 could not be established. Broker may not be available. (org.apache.kafka.clients.NetworkClient)
[2018-03-16 12:40:33,893] WARN [Consumer clientId=consumer-1, groupId=console-consumer-1963] Connection to node -1 could not be established. Broker may not be available. (org.apache.kafka.clients.NetworkClient)
[2018-03-16 12:40:34,748] WARN [Consumer clientId=consumer-1, groupId=console-consumer-1963] Connection to node -1 could not be established. Broker may not be available. (org.apache.kafka.clients.NetworkClient)
[2018-03-16 12:40:35,954] WARN [Consumer clientId=consumer-1, groupId=console-consumer-1963] Connection to node -1 could not be established. Broker may not be available. (org.apache.kafka.clients.NetworkClient)
[2018-03-16 12:40:36,859] WARN [Consumer clientId=consumer-1, groupId=console-consumer-1963] Connection to node -1 could not be established. Broker may not be available. (org.apache.kafka.clients.NetworkClient)
[2018-03-16 12:40:37,915] WARN [Consumer clientId=consumer-1, groupId=console-consumer-1963] Connection to node -1 could not be established. Broker may not be available. (org.apache.kafka.clients.NetworkClient)
[2018-03-16 12:40:38,970] WARN [Consumer clientId=consumer-1, groupId=console-consumer-1963] Connection to node -1 could not be established. Broker may not be available. (org.apache.kafka.clients.NetworkClient)
[2018-03-16 12:40:39,875] WARN [Consumer clientId=consumer-1, groupId=console-consumer-1963] Connection to node -1 could not be established. Broker may not be available. (org.apache.kafka.clients.NetworkClient)
[2018-03-16 12:40:40,830] WARN [Consumer clientId=consumer-1, groupId=console-consumer-1963] Connection to node -1 could not be established. Broker may not be available. (org.apache.kafka.clients.NetworkClient)
[2018-03-16 12:40:41,785] WARN [Consumer clientId=consumer-1, groupId=console-consumer-1963] Connection to node -1 could not be established. Broker may not be available. (org.apache.kafka.clients.NetworkClient)
[2018-03-16 12:40:42,891] WARN [Consumer clientId=consumer-1, groupId=console-consumer-1963] Connection to node -1 could not be established. Broker may not be available. (org.apache.kafka.clients.NetworkClient)
[2018-03-16 12:40:44,046] WARN [Consumer clientId=consumer-1, groupId=console-consumer-1963] Connection to node -1 could not be established. Broker may not be available. (org.apache.kafka.clients.NetworkClient)
[2018-03-16 12:40:44,901] WARN [Consumer clientId=consumer-1, groupId=console-consumer-1963] Connection to node -1 could not be established. Broker may not be available. (org.apache.kafka.clients.NetworkClient)
[2018-03-16 12:40:45,956] WARN [Consumer clientId=consumer-1, groupId=console-consumer-1963] Connection to node -1 could not be established. Broker may not be available. (org.apache.kafka.clients.NetworkClient)
[2018-03-16 12:40:47,111] WARN [Consumer clientId=consumer-1, groupId=console-consumer-1963] Connection to node -1 could not be established. Broker may not be available. (org.apache.kafka.clients.NetworkClient)
[2018-03-16 12:40:48,116] WARN [Consumer clientId=consumer-1, groupId=console-consumer-1963] Connection to node -1 could not be established. Broker may not be available. (org.apache.kafka.clients.NetworkClient)
[2018-03-16 12:40:49,073] WARN [Consumer clientId=consumer-1, groupId=console-consumer-1963] Connection to node -1 could not be established. Broker may not be available. (org.apache.kafka.clients.NetworkClient)
[2018-03-16 12:40:50,078] WARN [Consumer clientId=consumer-1, groupId=console-consumer-1963] Connection to node -1 could not be established. Broker may not be available. (org.apache.kafka.clients.NetworkClient)
[2018-03-16 12:40:51,032] WARN [Consumer clientId=consumer-1, groupId=console-consumer-1963] Connection to node -1 could not be established. Broker may not be available. (org.apache.kafka.clients.NetworkClient)
[2018-03-16 12:40:52,087] WARN [Consumer clientId=consumer-1, groupId=console-consumer-1963] Connection to node -1 could not be established. Broker may not be available. (org.apache.kafka.clients.NetworkClient)
[2018-03-16 12:40:53,242] WARN [Consumer clientId=consumer-1, groupId=console-consumer-1963] Connection to node -1 could not be established. Broker may not be available. (org.apache.kafka.clients.NetworkClient)
[2018-03-16 12:40:54,247] WARN [Consumer clientId=consumer-1, groupId=console-consumer-1963] Connection to node -1 could not be established. Broker may not be available. (org.apache.kafka.clients.NetworkClient)
[2018-03-16 12:40:55,252] WARN [Consumer clientId=consumer-1, groupId=console-consumer-1963] Connection to node -1 could not be established. Broker may not be available. (org.apache.kafka.clients.NetworkClient)
[2018-03-16 12:40:56,257] WARN [Consumer clientId=consumer-1, groupId=console-consumer-1963] Connection to node -1 could not be established. Broker may not be available. (org.apache.kafka.clients.NetworkClient)
[2018-03-16 12:40:57,261] WARN [Consumer clientId=consumer-1, groupId=console-consumer-1963] Connection to node -1 could not be established. Broker may not be available. (org.apache.kafka.clients.NetworkClient)
[2018-03-16 12:40:58,166] WARN [Consumer clientId=consumer-1, groupId=console-consumer-1963] Connection to node -1 could not be established. Broker may not be available. (org.apache.kafka.clients.NetworkClient)
[2018-03-16 12:40:59,271] WARN [Consumer clientId=consumer-1, groupId=console-consumer-1963] Connection to node -1 could not be established. Broker may not be available. (org.apache.kafka.clients.NetworkClient)
[2018-03-16 12:41:00,226] WARN [Consumer clientId=consumer-1, groupId=console-consumer-1963] Connection to node -1 could not be established. Broker may not be available. (org.apache.kafka.clients.NetworkClient)
[2018-03-16 12:41:01,281] WARN [Consumer clientId=consumer-1, groupId=console-consumer-1963] Connection to node -1 could not be established. Broker may not be available. (org.apache.kafka.clients.NetworkClient)
[2018-03-16 12:41:02,336] WARN [Consumer clientId=consumer-1, groupId=console-consumer-1963] Connection to node -1 could not be established. Broker may not be available. (org.apache.kafka.clients.NetworkClient)
[2018-03-16 12:41:03,240] WARN [Consumer clientId=consumer-1, groupId=console-consumer-1963] Connection to node -1 could not be established. Broker may not be available. (org.apache.kafka.clients.NetworkClient)
[2018-03-16 12:41:04,094] WARN [Consumer clientId=consumer-1, groupId=console-consumer-1963] Connection to node -1 could not be established. Broker may not be available. (org.apache.kafka.clients.NetworkClient)
[2018-03-16 12:41:05,149] WARN [Consumer clientId=consumer-1, groupId=console-consumer-1963] Connection to node -1 could not be established. Broker may not be available. (org.apache.kafka.clients.NetworkClient)
[2018-03-16 12:41:06,054] WARN [Consumer clientId=consumer-1, groupId=console-consumer-1963] Connection to node -1 could not be established. Broker may not be available. (org.apache.kafka.clients.NetworkClient)
[2018-03-16 12:41:07,109] WARN [Consumer clientId=consumer-1, groupId=console-consumer-1963] Connection to node -1 could not be established. Broker may not be available. (org.apache.kafka.clients.NetworkClient)
[2018-03-16 12:41:08,165] WARN [Consumer clientId=consumer-1, groupId=console-consumer-1963] Connection to node -1 could not be established. Broker may not be available. (org.apache.kafka.clients.NetworkClient)
[2018-03-16 12:41:09,220] WARN [Consumer clientId=consumer-1, groupId=console-consumer-1963] Connection to node -1 could not be established. Broker may not be available. (org.apache.kafka.clients.NetworkClient)
[2018-03-16 12:41:10,175] WARN [Consumer clientId=consumer-1, groupId=console-consumer-1963] Connection to node -1 could not be established. Broker may not be available. (org.apache.kafka.clients.NetworkClient)
[2018-03-16 12:41:11,029] WARN [Consumer clientId=consumer-1, groupId=console-consumer-1963] Connection to node -1 could not be established. Broker may not be available. (org.apache.kafka.clients.NetworkClient)
[2018-03-16 12:41:11,933] WARN [Consumer clientId=consumer-1, groupId=console-consumer-1963] Connection to node -1 could not be established. Broker may not be available. (org.apache.kafka.clients.NetworkClient)
[2018-03-16 12:41:12,887] WARN [Consumer clientId=consumer-1, groupId=console-consumer-1963] Connection to node -1 could not be established. Broker may not be available. (org.apache.kafka.clients.NetworkClient)
[2018-03-16 12:41:13,842] WARN [Consumer clientId=consumer-1, groupId=console-consumer-1963] Connection to node -1 could not be established. Broker may not be available. (org.apache.kafka.clients.NetworkClient)
[2018-03-16 12:41:14,796] WARN [Consumer clientId=consumer-1, groupId=console-consumer-1963] Connection to node -1 could not be established. Broker may not be available. (org.apache.kafka.clients.NetworkClient)
[2018-03-16 12:41:15,700] WARN [Consumer clientId=consumer-1, groupId=console-consumer-1963] Connection to node -1 could not be established. Broker may not be available. (org.apache.kafka.clients.NetworkClient)
[2018-03-16 12:41:16,906] WARN [Consumer clientId=consumer-1, groupId=console-consumer-1963] Connection to node -1 could not be established. Broker may not be available. (org.apache.kafka.clients.NetworkClient)
[2018-03-16 12:41:17,961] WARN [Consumer clientId=consumer-1, groupId=console-consumer-1963] Connection to node -1 could not be established. Broker may not be available. (org.apache.kafka.clients.NetworkClient)
[2018-03-16 12:41:18,765] WARN [Consumer clientId=consumer-1, groupId=console-consumer-1963] Connection to node -1 could not be established. Broker may not be available. (org.apache.kafka.clients.NetworkClient)
[2018-03-16 12:41:19,920] WARN [Consumer clientId=consumer-1, groupId=console-consumer-1963] Connection to node -1 could not be established. Broker may not be available. (org.apache.kafka.clients.NetworkClient)
[2018-03-16 12:41:21,025] WARN [Consumer clientId=consumer-1, groupId=console-consumer-1963] Connection to node -1 could not be established. Broker may not be available. (org.apache.kafka.clients.NetworkClient)
[2018-03-16 12:41:21,929] WARN [Consumer clientId=consumer-1, groupId=console-consumer-1963] Connection to node -1 could not be established. Broker may not be available. (org.apache.kafka.clients.NetworkClient)
[2018-03-16 12:41:22,784] WARN [Consumer clientId=consumer-1, groupId=console-consumer-1963] Connection to node -1 could not be established. Broker may not be available. (org.apache.kafka.clients.NetworkClient)
[2018-03-16 12:41:23,889] WARN [Consumer clientId=consumer-1, groupId=console-consumer-1963] Connection to node -1 could not be established. Broker may not be available. (org.apache.kafka.clients.NetworkClient)
[2018-03-16 12:41:24,995] WARN [Consumer clientId=consumer-1, groupId=console-consumer-1963] Connection to node -1 could not be established. Broker may not be available. (org.apache.kafka.clients.NetworkClient)
[2018-03-16 12:41:25,849] WARN [Consumer clientId=consumer-1, groupId=console-consumer-1963] Connection to node -1 could not be established. Broker may not be available. (org.apache.kafka.clients.NetworkClient)
[2018-03-16 12:41:26,803] WARN [Consumer clientId=consumer-1, groupId=console-consumer-1963] Connection to node -1 could not be established. Broker may not be available. (org.apache.kafka.clients.NetworkClient)
[2018-03-16 12:41:27,758] WARN [Consumer clientId=consumer-1, groupId=console-consumer-1963] Connection to node -1 could not be established. Broker may not be available. (org.apache.kafka.clients.NetworkClient)
[2018-03-16 12:41:28,813] WARN [Consumer clientId=consumer-1, groupId=console-consumer-1963] Connection to node -1 could not be established. Broker may not be available. (org.apache.kafka.clients.NetworkClient)
[2018-03-16 12:41:29,717] WARN [Consumer clientId=consumer-1, groupId=console-consumer-1963] Connection to node -1 could not be established. Broker may not be available. (org.apache.kafka.clients.NetworkClient)
[2018-03-16 12:41:30,571] WARN [Consumer clientId=consumer-1, groupId=console-consumer-1963] Connection to node -1 could not be established. Broker may not be available. (org.apache.kafka.clients.NetworkClient)
[2018-03-16 12:41:31,476] WARN [Consumer clientId=consumer-1, groupId=console-consumer-1963] Connection to node -1 could not be established. Broker may not be available. (org.apache.kafka.clients.NetworkClient)
[2018-03-16 12:41:32,531] WARN [Consumer clientId=consumer-1, groupId=console-consumer-1963] Connection to node -1 could not be established. Broker may not be available. (org.apache.kafka.clients.NetworkClient)
[2018-03-16 12:41:33,535] WARN [Consumer clientId=consumer-1, groupId=console-consumer-1963] Connection to node -1 could not be established. Broker may not be available. (org.apache.kafka.clients.NetworkClient)
[2018-03-16 12:41:34,691] WARN [Consumer clientId=consumer-1, groupId=console-consumer-1963] Connection to node -1 could not be established. Broker may not be available. (org.apache.kafka.clients.NetworkClient)
[2018-03-16 12:41:35,897] WARN [Consumer clientId=consumer-1, groupId=console-consumer-1963] Connection to node -1 could not be established. Broker may not be available. (org.apache.kafka.clients.NetworkClient)
[2018-03-16 12:41:37,002] WARN [Consumer clientId=consumer-1, groupId=console-consumer-1963] Connection to node -1 could not be established. Broker may not be available. (org.apache.kafka.clients.NetworkClient)
[2018-03-16 12:41:37,957] WARN [Consumer clientId=consumer-1, groupId=console-consumer-1963] Connection to node -1 could not be established. Broker may not be available. (org.apache.kafka.clients.NetworkClient)
[2018-03-16 12:41:39,112] WARN [Consumer clientId=consumer-1, groupId=console-consumer-1963] Connection to node -1 could not be established. Broker may not be available. (org.apache.kafka.clients.NetworkClient)
[2018-03-16 12:41:40,167] WARN [Consumer clientId=consumer-1, groupId=console-consumer-1963] Connection to node -1 could not be established. Broker may not be available. (org.apache.kafka.clients.NetworkClient)
[2018-03-16 12:41:41,273] WARN [Consumer clientId=consumer-1, groupId=console-consumer-1963] Connection to node -1 could not be established. Broker may not be available. (org.apache.kafka.clients.NetworkClient)
[2018-03-16 12:41:42,277] WARN [Consumer clientId=consumer-1, groupId=console-consumer-1963] Connection to node -1 could not be established. Broker may not be available. (org.apache.kafka.clients.NetworkClient)
[2018-03-16 12:41:43,433] WARN [Consumer clientId=consumer-1, groupId=console-consumer-1963] Connection to node -1 could not be established. Broker may not be available. (org.apache.kafka.clients.NetworkClient)
[2018-03-16 12:41:44,588] WARN [Consumer clientId=consumer-1, groupId=console-consumer-1963] Connection to node -1 could not be established. Broker may not be available. (org.apache.kafka.clients.NetworkClient)
[2018-03-16 12:41:45,693] WARN [Consumer clientId=consumer-1, groupId=console-consumer-1963] Connection to node -1 could not be established. Broker may not be available. (org.apache.kafka.clients.NetworkClient)
[2018-03-16 12:41:46,898] WARN [Consumer clientId=consumer-1, groupId=console-consumer-1963] Connection to node -1 could not be established. Broker may not be available. (org.apache.kafka.clients.NetworkClient)
[2018-03-16 12:41:48,003] WARN [Consumer clientId=consumer-1, groupId=console-consumer-1963] Connection to node -1 could not be established. Broker may not be available. (org.apache.kafka.clients.NetworkClient)
[2018-03-16 12:41:49,008] WARN [Consumer clientId=consumer-1, groupId=console-consumer-1963] Connection to node -1 could not be established. Broker may not be available. (org.apache.kafka.clients.NetworkClient)
[2018-03-16 12:41:50,164] WARN [Consumer clientId=consumer-1, groupId=console-consumer-1963] Connection to node -1 could not be established. Broker may not be available. (org.apache.kafka.clients.NetworkClient)
[2018-03-16 12:41:51,269] WARN [Consumer clientId=consumer-1, groupId=console-consumer-1963] Connection to node -1 could not be established. Broker may not be available. (org.apache.kafka.clients.NetworkClient)
[2018-03-16 12:41:52,424] WARN [Consumer clientId=consumer-1, groupId=console-consumer-1963] Connection to node -1 could not be established. Broker may not be available. (org.apache.kafka.clients.NetworkClient)
[2018-03-16 12:41:53,429] WARN [Consumer clientId=consumer-1, groupId=console-consumer-1963] Connection to node -1 could not be established. Broker may not be available. (org.apache.kafka.clients.NetworkClient)
[2018-03-16 12:41:54,282] WARN [Consumer clientId=consumer-1, groupId=console-consumer-1963] Connection to node -1 could not be established. Broker may not be available. (org.apache.kafka.clients.NetworkClient)
[2018-03-16 12:41:55,137] WARN [Consumer clientId=consumer-1, groupId=console-consumer-1963] Connection to node -1 could not be established. Broker may not be available. (org.apache.kafka.clients.NetworkClient)
[2018-03-16 12:41:56,091] WARN [Consumer clientId=consumer-1, groupId=console-consumer-1963] Connection to node -1 could not be established. Broker may not be available. (org.apache.kafka.clients.NetworkClient)
[2018-03-16 12:41:56,995] WARN [Consumer clientId=consumer-1, groupId=console-consumer-1963] Connection to node -1 could not be established. Broker may not be available. (org.apache.kafka.clients.NetworkClient)
[2018-03-16 12:41:57,849] WARN [Consumer clientId=consumer-1, groupId=console-consumer-1963] Connection to node -1 could not be established. Broker may not be available. (org.apache.kafka.clients.NetworkClient)

[2018-03-16 12:41:58,904] WARN [Consumer clientId=consumer-1, groupId=console-consumer-1963] Connection to node -1 could not be established. Broker may not be available. (org.apache.kafka.clients.NetworkClient)
[2018-03-16 12:41:59,758] WARN [Consumer clientId=consumer-1, groupId=console-consumer-1963] Connection to node -1 could not be established. Broker may not be available. (org.apache.kafka.clients.NetworkClient)
[2018-03-16 12:42:00,914] WARN [Consumer clientId=consumer-1, groupId=console-consumer-1963] Connection to node -1 could not be established. Broker may not be available. (org.apache.kafka.clients.NetworkClient)
[2018-03-16 12:42:02,019] WARN [Consumer clientId=consumer-1, groupId=console-consumer-1963] Connection to node -1 could not be established. Broker may not be available. (org.apache.kafka.clients.NetworkClient)
[2018-03-16 12:42:02,974] WARN [Consumer clientId=consumer-1, groupId=console-consumer-1963] Connection to node -1 could not be established. Broker may not be available. (org.apache.kafka.clients.NetworkClient)
[2018-03-16 12:42:04,129] WARN [Consumer clientId=consumer-1, groupId=console-consumer-1963] Connection to node -1 could not be established. Broker may not be available. (org.apache.kafka.clients.NetworkClient)
[2018-03-16 12:42:05,134] WARN [Consumer clientId=consumer-1, groupId=console-consumer-1963] Connection to node -1 could not be established. Broker may not be available. (org.apache.kafka.clients.NetworkClient)
[2018-03-16 12:42:06,340] WARN [Consumer clientId=consumer-1, groupId=console-consumer-1963] Connection to node -1 could not be established. Broker may not be available. (org.apache.kafka.clients.NetworkClient)
[2018-03-16 12:42:07,194] WARN [Consumer clientId=consumer-1, groupId=console-consumer-1963] Connection to node -1 could not be established. Broker may not be available. (org.apache.kafka.clients.NetworkClient)
[2018-03-16 12:42:08,249] WARN [Consumer clientId=consumer-1, groupId=console-consumer-1963] Connection to node -1 could not be established. Broker may not be available. (org.apache.kafka.clients.NetworkClient)
[2018-03-16 12:42:09,454] WARN [Consumer clientId=consumer-1, groupId=console-consumer-1963] Connection to node -1 could not be established. Broker may not be available. (org.apache.kafka.clients.NetworkClient)
^C[root@ip-10-128-64-119 kafka_2.11-1.0.1]# bin/kafka-console-consumer.sh --bootstrap-server 10.128.64.119:9092 --topic test --from-beginning
OpenJDK 64-Bit Server VM warning: If the number of processors is expected to increase from one, then you should configure the number of parallel GC threads appropriately using -XX:ParallelGCThreads=N
[2018-03-16 12:42:32,455] WARN Removing server lo10.128.64.119:9092 from bootstrap.servers as DNS resolution failed for lo10.128.64.119 (org.apache.kafka.clients.ClientUtils)
[2018-03-16 12:42:32,460] ERROR Unknown error when running consumer:  (kafka.tools.ConsoleConsumer$)
org.apache.kafka.common.KafkaException: Failed to construct kafka consumer
	at org.apache.kafka.clients.consumer.KafkaConsumer.<init>(KafkaConsumer.java:789)
	at org.apache.kafka.clients.consumer.KafkaConsumer.<init>(KafkaConsumer.java:643)
	at org.apache.kafka.clients.consumer.KafkaConsumer.<init>(KafkaConsumer.java:623)
	at kafka.consumer.NewShinyConsumer.<init>(BaseConsumer.scala:61)
	at kafka.tools.ConsoleConsumer$.run(ConsoleConsumer.scala:78)
	at kafka.tools.ConsoleConsumer$.main(ConsoleConsumer.scala:54)
	at kafka.tools.ConsoleConsumer.main(ConsoleConsumer.scala)
Caused by: org.apache.kafka.common.config.ConfigException: No resolvable bootstrap urls given in bootstrap.servers
	at org.apache.kafka.clients.ClientUtils.parseAndValidateAddresses(ClientUtils.java:64)
	at org.apache.kafka.clients.consumer.KafkaConsumer.<init>(KafkaConsumer.java:706)
	... 6 more

